<?xml version="1.0" encoding="UTF-8"?>
<testsuite xmlns:xsi="http://www.w3.org/2001/XMLSchema-instance" xsi:noNamespaceSchemaLocation="https://maven.apache.org/surefire/maven-surefire-plugin/xsd/surefire-test-report.xsd" name="org.word.count.test.statisticsgenerator.WordCounterFunctionalTest" time="0.135" tests="10" errors="0" skipped="0" failures="0">
  <properties>
    <property name="sun.desktop" value="gnome"/>
    <property name="awt.toolkit" value="sun.awt.X11.XToolkit"/>
    <property name="jdk.extensions.version" value="15.0.2.0"/>
    <property name="file.encoding.pkg" value="sun.io"/>
    <property name="java.specification.version" value="15"/>
    <property name="sun.jnu.encoding" value="UTF-8"/>
    <property name="java.class.path" value="/home/alfie/wordCounterTest/target/test-classes:/home/alfie/wordCounterTest/target/classes:/home/alfie/.m2/repository/org/junit/jupiter/junit-jupiter/5.7.0/junit-jupiter-5.7.0.jar:/home/alfie/.m2/repository/org/junit/jupiter/junit-jupiter-api/5.7.0/junit-jupiter-api-5.7.0.jar:/home/alfie/.m2/repository/org/opentest4j/opentest4j/1.2.0/opentest4j-1.2.0.jar:/home/alfie/.m2/repository/org/junit/platform/junit-platform-commons/1.7.0/junit-platform-commons-1.7.0.jar:/home/alfie/.m2/repository/org/junit/jupiter/junit-jupiter-engine/5.7.0/junit-jupiter-engine-5.7.0.jar:/home/alfie/.m2/repository/org/junit/platform/junit-platform-engine/1.7.0/junit-platform-engine-1.7.0.jar:/home/alfie/.m2/repository/org/mockito/mockito-inline/3.4.4/mockito-inline-3.4.4.jar:/home/alfie/.m2/repository/org/mockito/mockito-core/3.4.4/mockito-core-3.4.4.jar:/home/alfie/.m2/repository/net/bytebuddy/byte-buddy/1.10.13/byte-buddy-1.10.13.jar:/home/alfie/.m2/repository/net/bytebuddy/byte-buddy-agent/1.10.13/byte-buddy-agent-1.10.13.jar:/home/alfie/.m2/repository/org/objenesis/objenesis/2.6/objenesis-2.6.jar:/home/alfie/.m2/repository/org/mockito/mockito-junit-jupiter/2.23.0/mockito-junit-jupiter-2.23.0.jar:/home/alfie/.m2/repository/org/junit/jupiter/junit-jupiter-params/5.4.2/junit-jupiter-params-5.4.2.jar:/home/alfie/.m2/repository/org/apiguardian/apiguardian-api/1.0.0/apiguardian-api-1.0.0.jar:/home/alfie/.m2/repository/org/apache/commons/commons-lang3/3.11/commons-lang3-3.11.jar:"/>
    <property name="java.vm.vendor" value="Eclipse OpenJ9"/>
    <property name="sun.arch.data.model" value="64"/>
    <property name="com.ibm.vm.bitmode" value="64"/>
    <property name="user.variant" value=""/>
    <property name="com.ibm.oti.vm.library.version" value="29"/>
    <property name="java.vendor.url" value="https://adoptopenjdk.net/"/>
    <property name="user.timezone" value=""/>
    <property name="os.name" value="Linux"/>
    <property name="java.vm.specification.version" value="15"/>
    <property name="sun.java.launcher" value="SUN_STANDARD"/>
    <property name="user.country" value="GB"/>
    <property name="sun.boot.library.path" value="/home/alfie/.jdks/adopt-openj9-15.0.2/lib/compressedrefs:/home/alfie/.jdks/adopt-openj9-15.0.2/lib"/>
    <property name="sun.java.command" value="/home/alfie/wordCounterTest/target/surefire/surefirebooter14658517153956526326.jar /home/alfie/wordCounterTest/target/surefire 2021-04-08T03-23-52_421-jvmRun1 surefire4932418708334802436tmp surefire_08953941701373920787tmp"/>
    <property name="surefire.test.class.path" value="/home/alfie/wordCounterTest/target/test-classes:/home/alfie/wordCounterTest/target/classes:/home/alfie/.m2/repository/org/junit/jupiter/junit-jupiter/5.7.0/junit-jupiter-5.7.0.jar:/home/alfie/.m2/repository/org/junit/jupiter/junit-jupiter-api/5.7.0/junit-jupiter-api-5.7.0.jar:/home/alfie/.m2/repository/org/opentest4j/opentest4j/1.2.0/opentest4j-1.2.0.jar:/home/alfie/.m2/repository/org/junit/platform/junit-platform-commons/1.7.0/junit-platform-commons-1.7.0.jar:/home/alfie/.m2/repository/org/junit/jupiter/junit-jupiter-engine/5.7.0/junit-jupiter-engine-5.7.0.jar:/home/alfie/.m2/repository/org/junit/platform/junit-platform-engine/1.7.0/junit-platform-engine-1.7.0.jar:/home/alfie/.m2/repository/org/mockito/mockito-inline/3.4.4/mockito-inline-3.4.4.jar:/home/alfie/.m2/repository/org/mockito/mockito-core/3.4.4/mockito-core-3.4.4.jar:/home/alfie/.m2/repository/net/bytebuddy/byte-buddy/1.10.13/byte-buddy-1.10.13.jar:/home/alfie/.m2/repository/net/bytebuddy/byte-buddy-agent/1.10.13/byte-buddy-agent-1.10.13.jar:/home/alfie/.m2/repository/org/objenesis/objenesis/2.6/objenesis-2.6.jar:/home/alfie/.m2/repository/org/mockito/mockito-junit-jupiter/2.23.0/mockito-junit-jupiter-2.23.0.jar:/home/alfie/.m2/repository/org/junit/jupiter/junit-jupiter-params/5.4.2/junit-jupiter-params-5.4.2.jar:/home/alfie/.m2/repository/org/apiguardian/apiguardian-api/1.0.0/apiguardian-api-1.0.0.jar:/home/alfie/.m2/repository/org/apache/commons/commons-lang3/3.11/commons-lang3-3.11.jar:"/>
    <property name="sun.cpu.endian" value="little"/>
    <property name="user.home" value="/home/alfie"/>
    <property name="user.language" value="en"/>
    <property name="java.specification.vendor" value="Oracle Corporation"/>
    <property name="java.version.date" value="2021-01-19"/>
    <property name="java.home" value="/home/alfie/.jdks/adopt-openj9-15.0.2"/>
    <property name="ibm.signalhandling.rs" value="false"/>
    <property name="file.separator" value="/"/>
    <property name="jdk.extensions.name" value="Extensions for OpenJDK for Eclipse OpenJ9"/>
    <property name="basedir" value="/home/alfie/wordCounterTest"/>
    <property name="line.separator" value="&#10;"/>
    <property name="java.vm.specification.vendor" value="Oracle Corporation"/>
    <property name="java.specification.name" value="Java Platform API Specification"/>
    <property name="java.compiler" value="j9jit29"/>
    <property name="com.ibm.util.extralibs.properties" value=""/>
    <property name="java.awt.graphicsenv" value="sun.awt.X11GraphicsEnvironment"/>
    <property name="com.ibm.oti.configuration" value="scar"/>
    <property name="java.awt.fonts" value=""/>
    <property name="surefire.real.class.path" value="/home/alfie/wordCounterTest/target/surefire/surefirebooter14658517153956526326.jar"/>
    <property name="com.ibm.oti.shared.enabled" value="false"/>
    <property name="jdk.boot.class.path.append" value=""/>
    <property name="com.ibm.oti.vm.bootstrap.library.path" value="/home/alfie/.jdks/adopt-openj9-15.0.2/lib/compressedrefs:/home/alfie/.jdks/adopt-openj9-15.0.2/lib"/>
    <property name="com.ibm.cpu.endian" value="little"/>
    <property name="java.fullversion" value="15.0.2+7&#10;JRE 15 Linux amd64-64-Bit Compressed References 20210121_172 (JIT enabled, AOT enabled)&#10;OpenJ9   - 345e1b09e&#10;OMR      - 741e94ea8&#10;JCL      - 863b523566 based on jdk-15.0.2+7"/>
    <property name="java.runtime.version" value="15.0.2+7"/>
    <property name="user.name" value="alfie"/>
    <property name="path.separator" value=":"/>
    <property name="os.version" value="5.8.0-48-generic"/>
    <property name="java.runtime.name" value="OpenJDK Runtime Environment"/>
    <property name="ibm.signalhandling.sigint" value="true"/>
    <property name="file.encoding" value="UTF-8"/>
    <property name="java.vm.name" value="Eclipse OpenJ9 VM"/>
    <property name="java.vendor.version" value="AdoptOpenJDK"/>
    <property name="ibm.signalhandling.sigchain" value="true"/>
    <property name="localRepository" value="/home/alfie/.m2/repository"/>
    <property name="java.vendor.url.bug" value="https://github.com/AdoptOpenJDK/openjdk-support/issues"/>
    <property name="java.io.tmpdir" value="/tmp"/>
    <property name="idea.version" value="2021.1"/>
    <property name="java.version" value="15.0.2"/>
    <property name="com.ibm.system.agent.path" value="/home/alfie/.jdks/adopt-openj9-15.0.2/lib"/>
    <property name="user.dir" value="/home/alfie/wordCounterTest"/>
    <property name="os.arch" value="amd64"/>
    <property name="java.vm.specification.name" value="Java Virtual Machine Specification"/>
    <property name="java.awt.printerjob" value="sun.print.PSPrinterJob"/>
    <property name="sun.nio.PageAlignDirectMemory" value="false"/>
    <property name="os.encoding" value="UTF-8"/>
    <property name="java.library.path" value="/home/alfie/.jdks/adopt-openj9-15.0.2/lib/compressedrefs:/home/alfie/.jdks/adopt-openj9-15.0.2/lib:/usr/lib64:/usr/lib"/>
    <property name="java.vendor" value="AdoptOpenJDK"/>
    <property name="java.vm.info" value="JRE 15 Linux amd64-64-Bit Compressed References 20210121_172 (JIT enabled, AOT enabled)&#10;OpenJ9   - 345e1b09e&#10;OMR      - 741e94ea8&#10;JCL      - 863b523566 based on jdk-15.0.2+7"/>
    <property name="sun.nio.MaxDirectMemorySize" value="3672997888"/>
    <property name="java.vm.version" value="openj9-0.24.0"/>
    <property name="com.ibm.jcl.checkClassPath" value=""/>
    <property name="ibm.system.encoding" value="UTF-8"/>
    <property name="sun.io.unicode.encoding" value="UnicodeLittle"/>
    <property name="java.class.version" value="59.0"/>
  </properties>
  <testcase name="decimalsUnitsPTest" classname="org.word.count.test.statisticsgenerator.WordCounterFunctionalTest" time="0.062"/>
  <testcase name="ampersandTest" classname="org.word.count.test.statisticsgenerator.WordCounterFunctionalTest" time="0.009"/>
  <testcase name="decimalTest" classname="org.word.count.test.statisticsgenerator.WordCounterFunctionalTest" time="0.004"/>
  <testcase name="hyphenatedCharsTest" classname="org.word.count.test.statisticsgenerator.WordCounterFunctionalTest" time="0.005"/>
  <testcase name="decimalsUnitsSlashTest" classname="org.word.count.test.statisticsgenerator.WordCounterFunctionalTest" time="0.005"/>
  <testcase name="negativeTests" classname="org.word.count.test.statisticsgenerator.WordCounterFunctionalTest" time="0.013"/>
  <testcase name="longDateTest" classname="org.word.count.test.statisticsgenerator.WordCounterFunctionalTest" time="0.002"/>
  <testcase name="europeanDecimalTest" classname="org.word.count.test.statisticsgenerator.WordCounterFunctionalTest" time="0.007"/>
  <testcase name="shortDateTest" classname="org.word.count.test.statisticsgenerator.WordCounterFunctionalTest" time="0.005"/>
  <testcase name="normalCharsTest" classname="org.word.count.test.statisticsgenerator.WordCounterFunctionalTest" time="0.001"/>
</testsuite>